Flow report for mini_proj
Fri Jan 31 10:42:51 2020
Quartus II Version 9.1 Build 350 03/24/2010 Service Pack 2 SJ Web Edition


---------------------
; Table of Contents ;
---------------------
  1. Legal Notice
  2. Flow Summary
  3. Flow Settings
  4. Flow Non-Default Global Settings
  5. Flow Elapsed Time
  6. Flow OS Summary
  7. Flow Log



----------------
; Legal Notice ;
----------------
Copyright (C) 1991-2010 Altera Corporation
Your use of Altera Corporation's design tools, logic functions 
and other software and tools, and its AMPP partner logic 
functions, and any output files from any of the foregoing 
(including device programming or simulation files), and any 
associated documentation or information are expressly subject 
to the terms and conditions of the Altera Program License 
Subscription Agreement, Altera MegaCore Function License 
Agreement, or other applicable license agreement, including, 
without limitation, that your use is for the sole purpose of 
programming logic devices manufactured by Altera and sold by 
Altera or its authorized distributors.  Please refer to the 
applicable agreement for further details.



+-----------------------------------------------------------------------------------+
; Flow Summary                                                                      ;
+------------------------------------+----------------------------------------------+
; Flow Status                        ; Successful - Fri Jan 31 10:42:51 2020        ;
; Quartus II Version                 ; 9.1 Build 350 03/24/2010 SP 2 SJ Web Edition ;
; Revision Name                      ; mini_proj                                    ;
; Top-level Entity Name              ; disigne_principl                             ;
; Family                             ; Cyclone II                                   ;
; Device                             ; EP2C35F672C6                                 ;
; Timing Models                      ; Final                                        ;
; Met timing requirements            ; Yes                                          ;
; Total logic elements               ; 343 / 33,216 ( 1 % )                         ;
;     Total combinational functions  ; 343 / 33,216 ( 1 % )                         ;
;     Dedicated logic registers      ; 106 / 33,216 ( < 1 % )                       ;
; Total registers                    ; 106                                          ;
; Total pins                         ; 53 / 475 ( 11 % )                            ;
; Total virtual pins                 ; 0                                            ;
; Total memory bits                  ; 0 / 483,840 ( 0 % )                          ;
; Embedded Multiplier 9-bit elements ; 0 / 70 ( 0 % )                               ;
; Total PLLs                         ; 0 / 4 ( 0 % )                                ;
+------------------------------------+----------------------------------------------+


+-----------------------------------------+
; Flow Settings                           ;
+-------------------+---------------------+
; Option            ; Setting             ;
+-------------------+---------------------+
; Start date & time ; 01/31/2020 10:42:22 ;
; Main task         ; Compilation         ;
; Revision Name     ; mini_proj           ;
+-------------------+---------------------+


+-------------------------------------------------------------------------------------------------------------------------+
; Flow Non-Default Global Settings                                                                                        ;
+------------------------------------+--------------------------------+---------------+------------------+----------------+
; Assignment Name                    ; Value                          ; Default Value ; Entity Name      ; Section Id     ;
+------------------------------------+--------------------------------+---------------+------------------+----------------+
; COMPILER_SIGNATURE_ID              ; 33560306463685.158046374208356 ; --            ; --               ; --             ;
; MAX_CORE_JUNCTION_TEMP             ; 85                             ; --            ; --               ; --             ;
; MIN_CORE_JUNCTION_TEMP             ; 0                              ; --            ; --               ; --             ;
; PARTITION_COLOR                    ; 16764057                       ; --            ; disigne_principl ; Top            ;
; PARTITION_NETLIST_TYPE             ; SOURCE                         ; --            ; disigne_principl ; Top            ;
; TOP_LEVEL_ENTITY                   ; disigne_principl               ; mini_proj     ; --               ; --             ;
; USE_GENERATED_PHYSICAL_CONSTRAINTS ; Off                            ; --            ; --               ; eda_blast_fpga ;
+------------------------------------+--------------------------------+---------------+------------------+----------------+


+-----------------------------------------------------------------------------------------------------------------------------+
; Flow Elapsed Time                                                                                                           ;
+-------------------------+--------------+-------------------------+---------------------+------------------------------------+
; Module Name             ; Elapsed Time ; Average Processors Used ; Peak Virtual Memory ; Total CPU Time (on all processors) ;
+-------------------------+--------------+-------------------------+---------------------+------------------------------------+
; Analysis & Synthesis    ; 00:00:06     ; 1.0                     ; 232 MB              ; 00:00:09                           ;
; Fitter                  ; 00:00:14     ; 1.0                     ; 265 MB              ; 00:00:20                           ;
; Assembler               ; 00:00:06     ; 1.0                     ; 250 MB              ; 00:00:05                           ;
; Classic Timing Analyzer ; 00:00:00     ; 1.0                     ; 158 MB              ; 00:00:01                           ;
; Total                   ; 00:00:26     ; --                      ; --                  ; 00:00:35                           ;
+-------------------------+--------------+-------------------------+---------------------+------------------------------------+


+------------------------------------------------------------------------------------------+
; Flow OS Summary                                                                          ;
+-------------------------+------------------+---------------+------------+----------------+
; Module Name             ; Machine Hostname ; OS Name       ; OS Version ; Processor type ;
+-------------------------+------------------+---------------+------------+----------------+
; Analysis & Synthesis    ; your-router-PC   ; Windows Vista ; 6.1        ; x86_64         ;
; Fitter                  ; your-router-PC   ; Windows Vista ; 6.1        ; x86_64         ;
; Assembler               ; your-router-PC   ; Windows Vista ; 6.1        ; x86_64         ;
; Classic Timing Analyzer ; your-router-PC   ; Windows Vista ; 6.1        ; x86_64         ;
+-------------------------+------------------+---------------+------------+----------------+


------------
; Flow Log ;
------------
quartus_map --read_settings_files=on --write_settings_files=off mini_proj -c mini_proj
quartus_fit --read_settings_files=off --write_settings_files=off mini_proj -c mini_proj
quartus_asm --read_settings_files=off --write_settings_files=off mini_proj -c mini_proj
quartus_tan --read_settings_files=off --write_settings_files=off mini_proj -c mini_proj --timing_analysis_only



