Analysis & Synthesis report for mini_proj
Fri Jan 31 10:42:27 2020
Quartus II Version 9.1 Build 350 03/24/2010 Service Pack 2 SJ Web Edition


---------------------
; Table of Contents ;
---------------------
  1. Legal Notice
  2. Analysis & Synthesis Summary
  3. Analysis & Synthesis Settings
  4. Parallel Compilation
  5. Analysis & Synthesis Source Files Read
  6. Analysis & Synthesis Resource Usage Summary
  7. Analysis & Synthesis Resource Utilization by Entity
  8. Registers Removed During Synthesis
  9. General Register Statistics
 10. Inverted Register Statistics
 11. Multiplexer Restructuring Statistics (Restructuring Performed)
 12. Analysis & Synthesis Messages



----------------
; Legal Notice ;
----------------
Copyright (C) 1991-2010 Altera Corporation
Your use of Altera Corporation's design tools, logic functions 
and other software and tools, and its AMPP partner logic 
functions, and any output files from any of the foregoing 
(including device programming or simulation files), and any 
associated documentation or information are expressly subject 
to the terms and conditions of the Altera Program License 
Subscription Agreement, Altera MegaCore Function License 
Agreement, or other applicable license agreement, including, 
without limitation, that your use is for the sole purpose of 
programming logic devices manufactured by Altera and sold by 
Altera or its authorized distributors.  Please refer to the 
applicable agreement for further details.



+-----------------------------------------------------------------------------------+
; Analysis & Synthesis Summary                                                      ;
+------------------------------------+----------------------------------------------+
; Analysis & Synthesis Status        ; Successful - Fri Jan 31 10:42:27 2020        ;
; Quartus II Version                 ; 9.1 Build 350 03/24/2010 SP 2 SJ Web Edition ;
; Revision Name                      ; mini_proj                                    ;
; Top-level Entity Name              ; disigne_principl                             ;
; Family                             ; Cyclone II                                   ;
; Total logic elements               ; 343                                          ;
;     Total combinational functions  ; 343                                          ;
;     Dedicated logic registers      ; 106                                          ;
; Total registers                    ; 106                                          ;
; Total pins                         ; 53                                           ;
; Total virtual pins                 ; 0                                            ;
; Total memory bits                  ; 0                                            ;
; Embedded Multiplier 9-bit elements ; 0                                            ;
; Total PLLs                         ; 0                                            ;
+------------------------------------+----------------------------------------------+


+----------------------------------------------------------------------------------------------------------------------+
; Analysis & Synthesis Settings                                                                                        ;
+----------------------------------------------------------------------------+--------------------+--------------------+
; Option                                                                     ; Setting            ; Default Value      ;
+----------------------------------------------------------------------------+--------------------+--------------------+
; Device                                                                     ; EP2C35F672C6       ;                    ;
; Top-level entity name                                                      ; disigne_principl   ; mini_proj          ;
; Family name                                                                ; Cyclone II         ; Stratix II         ;
; Use Generated Physical Constraints File                                    ; Off                ;                    ;
; Use smart compilation                                                      ; Off                ; Off                ;
; Enable parallel Assembler and TimeQuest Timing Analyzer during compilation ; On                 ; On                 ;
; Enable compact report table                                                ; Off                ; Off                ;
; Restructure Multiplexers                                                   ; Auto               ; Auto               ;
; Create Debugging Nodes for IP Cores                                        ; Off                ; Off                ;
; Preserve fewer node names                                                  ; On                 ; On                 ;
; Disable OpenCore Plus hardware evaluation                                  ; Off                ; Off                ;
; Verilog Version                                                            ; Verilog_2001       ; Verilog_2001       ;
; VHDL Version                                                               ; VHDL_1993          ; VHDL_1993          ;
; State Machine Processing                                                   ; Auto               ; Auto               ;
; Safe State Machine                                                         ; Off                ; Off                ;
; Extract Verilog State Machines                                             ; On                 ; On                 ;
; Extract VHDL State Machines                                                ; On                 ; On                 ;
; Ignore Verilog initial constructs                                          ; Off                ; Off                ;
; Iteration limit for constant Verilog loops                                 ; 5000               ; 5000               ;
; Iteration limit for non-constant Verilog loops                             ; 250                ; 250                ;
; Add Pass-Through Logic to Inferred RAMs                                    ; On                 ; On                 ;
; Parallel Synthesis                                                         ; On                 ; On                 ;
; DSP Block Balancing                                                        ; Auto               ; Auto               ;
; NOT Gate Push-Back                                                         ; On                 ; On                 ;
; Power-Up Don't Care                                                        ; On                 ; On                 ;
; Remove Redundant Logic Cells                                               ; Off                ; Off                ;
; Remove Duplicate Registers                                                 ; On                 ; On                 ;
; Ignore CARRY Buffers                                                       ; Off                ; Off                ;
; Ignore CASCADE Buffers                                                     ; Off                ; Off                ;
; Ignore GLOBAL Buffers                                                      ; Off                ; Off                ;
; Ignore ROW GLOBAL Buffers                                                  ; Off                ; Off                ;
; Ignore LCELL Buffers                                                       ; Off                ; Off                ;
; Ignore SOFT Buffers                                                        ; On                 ; On                 ;
; Limit AHDL Integers to 32 Bits                                             ; Off                ; Off                ;
; Optimization Technique                                                     ; Balanced           ; Balanced           ;
; Carry Chain Length                                                         ; 70                 ; 70                 ;
; Auto Carry Chains                                                          ; On                 ; On                 ;
; Auto Open-Drain Pins                                                       ; On                 ; On                 ;
; Perform WYSIWYG Primitive Resynthesis                                      ; Off                ; Off                ;
; Auto ROM Replacement                                                       ; On                 ; On                 ;
; Auto RAM Replacement                                                       ; On                 ; On                 ;
; Auto Shift Register Replacement                                            ; Auto               ; Auto               ;
; Auto Clock Enable Replacement                                              ; On                 ; On                 ;
; Strict RAM Replacement                                                     ; Off                ; Off                ;
; Allow Synchronous Control Signals                                          ; On                 ; On                 ;
; Force Use of Synchronous Clear Signals                                     ; Off                ; Off                ;
; Auto RAM to Logic Cell Conversion                                          ; Off                ; Off                ;
; Auto Resource Sharing                                                      ; Off                ; Off                ;
; Allow Any RAM Size For Recognition                                         ; Off                ; Off                ;
; Allow Any ROM Size For Recognition                                         ; Off                ; Off                ;
; Allow Any Shift Register Size For Recognition                              ; Off                ; Off                ;
; Use LogicLock Constraints during Resource Balancing                        ; On                 ; On                 ;
; Ignore translate_off and synthesis_off directives                          ; Off                ; Off                ;
; Timing-Driven Synthesis                                                    ; Off                ; Off                ;
; Show Parameter Settings Tables in Synthesis Report                         ; On                 ; On                 ;
; Ignore Maximum Fan-Out Assignments                                         ; Off                ; Off                ;
; Synchronization Register Chain Length                                      ; 2                  ; 2                  ;
; PowerPlay Power Optimization                                               ; Normal compilation ; Normal compilation ;
; HDL message level                                                          ; Level2             ; Level2             ;
; Suppress Register Optimization Related Messages                            ; Off                ; Off                ;
; Number of Removed Registers Reported in Synthesis Report                   ; 5000               ; 5000               ;
; Number of Inverted Registers Reported in Synthesis Report                  ; 100                ; 100                ;
; Clock MUX Protection                                                       ; On                 ; On                 ;
; Auto Gated Clock Conversion                                                ; Off                ; Off                ;
; Block Design Naming                                                        ; Auto               ; Auto               ;
; SDC constraint protection                                                  ; Off                ; Off                ;
; Synthesis Effort                                                           ; Auto               ; Auto               ;
; Shift Register Replacement - Allow Asynchronous Clear Signal               ; On                 ; On                 ;
; Analysis & Synthesis Message Level                                         ; Medium             ; Medium             ;
; Disable Register Merging Across Hierarchies                                ; Auto               ; Auto               ;
; Resource Aware Inference For Block RAM                                     ; On                 ; On                 ;
+----------------------------------------------------------------------------+--------------------+--------------------+


Parallel compilation was disabled, but you have multiple processors available. Enable parallel compilation to reduce compilation time.
+-------------------------------------+
; Parallel Compilation                ;
+----------------------------+--------+
; Processors                 ; Number ;
+----------------------------+--------+
; Number detected on machine ; 2      ;
; Maximum allowed            ; 1      ;
+----------------------------+--------+


+-----------------------------------------------------------------------------------------------------------------------------------------------------------------+
; Analysis & Synthesis Source Files Read                                                                                                                          ;
+----------------------------------+-----------------+------------------------------------+-----------------------------------------------------------------------+
; File Name with User-Entered Path ; Used in Netlist ; File Type                          ; File Name with Absolute Path                                          ;
+----------------------------------+-----------------+------------------------------------+-----------------------------------------------------------------------+
; horloge_princip.vhd              ; yes             ; User VHDL File                     ; C:/Users/your-router/Documents/project_num/mnpro/horloge_princip.vhd  ;
; clignoter.vhd                    ; yes             ; User VHDL File                     ; C:/Users/your-router/Documents/project_num/mnpro/clignoter.vhd        ;
; clk_div_2hz.vhd                  ; yes             ; User VHDL File                     ; C:/Users/your-router/Documents/project_num/mnpro/clk_div_2hz.vhd      ;
; clk_divider_1hz.vhd              ; yes             ; User VHDL File                     ; C:/Users/your-router/Documents/project_num/mnpro/clk_divider_1hz.vhd  ;
; demulti1vesr4.vhd                ; yes             ; User VHDL File                     ; C:/Users/your-router/Documents/project_num/mnpro/demulti1vesr4.vhd    ;
; 7segment.vhd                     ; yes             ; User VHDL File                     ; C:/Users/your-router/Documents/project_num/mnpro/7segment.vhd         ;
; reglage.vhd                      ; yes             ; User VHDL File                     ; C:/Users/your-router/Documents/project_num/mnpro/reglage.vhd          ;
; adapteur.bdf                     ; yes             ; User Block Diagram/Schematic File  ; C:/Users/your-router/Documents/project_num/mnpro/adapteur.bdf         ;
; disigne_principl.bdf             ; yes             ; User Block Diagram/Schematic File  ; C:/Users/your-router/Documents/project_num/mnpro/disigne_principl.bdf ;
+----------------------------------+-----------------+------------------------------------+-----------------------------------------------------------------------+


+-----------------------------------------------------+
; Analysis & Synthesis Resource Usage Summary         ;
+---------------------------------------------+-------+
; Resource                                    ; Usage ;
+---------------------------------------------+-------+
; Estimated Total logic elements              ; 343   ;
;                                             ;       ;
; Total combinational functions               ; 343   ;
; Logic element usage by number of LUT inputs ;       ;
;     -- 4 input functions                    ; 178   ;
;     -- 3 input functions                    ; 49    ;
;     -- <=2 input functions                  ; 116   ;
;                                             ;       ;
; Logic elements by mode                      ;       ;
;     -- normal mode                          ; 282   ;
;     -- arithmetic mode                      ; 61    ;
;                                             ;       ;
; Total registers                             ; 106   ;
;     -- Dedicated logic registers            ; 106   ;
;     -- I/O registers                        ; 0     ;
;                                             ;       ;
; I/O pins                                    ; 53    ;
; Maximum fan-out node                        ; clock ;
; Maximum fan-out                             ; 62    ;
; Total fan-out                               ; 1383  ;
; Average fan-out                             ; 2.75  ;
+---------------------------------------------+-------+


+-------------------------------------------------------------------------------------------------------------------------------------------------------------------------------------------------+
; Analysis & Synthesis Resource Utilization by Entity                                                                                                                                             ;
+----------------------------+-------------------+--------------+-------------+--------------+---------+-----------+------+--------------+-----------------------------------------+--------------+
; Compilation Hierarchy Node ; LC Combinationals ; LC Registers ; Memory Bits ; DSP Elements ; DSP 9x9 ; DSP 18x18 ; Pins ; Virtual Pins ; Full Hierarchy Name                     ; Library Name ;
+----------------------------+-------------------+--------------+-------------+--------------+---------+-----------+------+--------------+-----------------------------------------+--------------+
; |disigne_principl          ; 343 (2)           ; 106 (0)      ; 0           ; 0            ; 0       ; 0         ; 53   ; 0            ; |disigne_principl                       ; work         ;
;    |SEGMENT7:inst23|       ; 14 (14)           ; 0 (0)        ; 0           ; 0            ; 0       ; 0         ; 0    ; 0            ; |disigne_principl|SEGMENT7:inst23       ;              ;
;    |SEGMENT7:inst24|       ; 15 (15)           ; 0 (0)        ; 0           ; 0            ; 0       ; 0         ; 0    ; 0            ; |disigne_principl|SEGMENT7:inst24       ;              ;
;    |SEGMENT7:inst25|       ; 13 (13)           ; 0 (0)        ; 0           ; 0            ; 0       ; 0         ; 0    ; 0            ; |disigne_principl|SEGMENT7:inst25       ;              ;
;    |SEGMENT7:inst26|       ; 14 (14)           ; 0 (0)        ; 0           ; 0            ; 0       ; 0         ; 0    ; 0            ; |disigne_principl|SEGMENT7:inst26       ;              ;
;    |SEGMENT7:inst27|       ; 2 (2)             ; 0 (0)        ; 0           ; 0            ; 0       ; 0         ; 0    ; 0            ; |disigne_principl|SEGMENT7:inst27       ;              ;
;    |SEGMENT7:inst28|       ; 14 (14)           ; 0 (0)        ; 0           ; 0            ; 0       ; 0         ; 0    ; 0            ; |disigne_principl|SEGMENT7:inst28       ;              ;
;    |clignoter:inst29|      ; 11 (11)           ; 0 (0)        ; 0           ; 0            ; 0       ; 0         ; 0    ; 0            ; |disigne_principl|clignoter:inst29      ;              ;
;    |clkdivider:inst11|     ; 44 (44)           ; 28 (28)      ; 0           ; 0            ; 0       ; 0         ; 0    ; 0            ; |disigne_principl|clkdivider:inst11     ;              ;
;    |clkdivider:inst14|     ; 11 (11)           ; 1 (1)        ; 0           ; 0            ; 0       ; 0         ; 0    ; 0            ; |disigne_principl|clkdivider:inst14     ;              ;
;    |clkdivider_2hz:inst18| ; 56 (56)           ; 33 (33)      ; 0           ; 0            ; 0       ; 0         ; 0    ; 0            ; |disigne_principl|clkdivider_2hz:inst18 ;              ;
;    |compteur4bit:inst|     ; 113 (113)         ; 22 (22)      ; 0           ; 0            ; 0       ; 0         ; 0    ; 0            ; |disigne_principl|compteur4bit:inst     ;              ;
;    |demux_1to4:inst10|     ; 1 (1)             ; 0 (0)        ; 0           ; 0            ; 0       ; 0         ; 0    ; 0            ; |disigne_principl|demux_1to4:inst10     ;              ;
;    |reglage:inst1|         ; 33 (33)           ; 22 (22)      ; 0           ; 0            ; 0       ; 0         ; 0    ; 0            ; |disigne_principl|reglage:inst1         ;              ;
+----------------------------+-------------------+--------------+-------------+--------------+---------+-----------+------+--------------+-----------------------------------------+--------------+
Note: For table entries with two numbers listed, the numbers in parentheses indicate the number of resources of the given type used by the specific entity alone. The numbers listed outside of parentheses indicate the total resources of the given type used by the specific entity and all of its sub-entities in the hierarchy.


+-------------------------------------------------------------------------------------+
; Registers Removed During Synthesis                                                  ;
+----------------------------------------+--------------------------------------------+
; Register name                          ; Reason for Removal                         ;
+----------------------------------------+--------------------------------------------+
; clkdivider:inst14|count[8]             ; Merged with clkdivider:inst11|count[8]     ;
; clkdivider:inst14|count[7]             ; Merged with clkdivider:inst11|count[7]     ;
; clkdivider:inst14|count[6]             ; Merged with clkdivider:inst11|count[6]     ;
; clkdivider:inst14|count[5]             ; Merged with clkdivider:inst11|count[5]     ;
; clkdivider:inst14|count[4]             ; Merged with clkdivider:inst11|count[4]     ;
; clkdivider:inst14|count[3]             ; Merged with clkdivider:inst11|count[3]     ;
; clkdivider:inst14|count[2]             ; Merged with clkdivider:inst11|count[2]     ;
; clkdivider:inst14|count[1]             ; Merged with clkdivider:inst11|count[1]     ;
; clkdivider:inst14|count[0]             ; Merged with clkdivider:inst11|count[0]     ;
; clkdivider:inst14|count[9]             ; Merged with clkdivider:inst11|count[9]     ;
; clkdivider:inst14|count[10]            ; Merged with clkdivider:inst11|count[10]    ;
; clkdivider:inst14|count[11]            ; Merged with clkdivider:inst11|count[11]    ;
; clkdivider:inst14|count[12]            ; Merged with clkdivider:inst11|count[12]    ;
; clkdivider:inst14|count[13]            ; Merged with clkdivider:inst11|count[13]    ;
; clkdivider:inst14|count[14]            ; Merged with clkdivider:inst11|count[14]    ;
; clkdivider:inst14|count[15]            ; Merged with clkdivider:inst11|count[15]    ;
; clkdivider:inst14|count[16]            ; Merged with clkdivider:inst11|count[16]    ;
; clkdivider:inst14|count[17]            ; Merged with clkdivider:inst11|count[17]    ;
; clkdivider:inst14|count[18]            ; Merged with clkdivider:inst11|count[18]    ;
; clkdivider:inst14|count[19]            ; Merged with clkdivider:inst11|count[19]    ;
; clkdivider:inst14|count[20]            ; Merged with clkdivider:inst11|count[20]    ;
; clkdivider:inst14|count[21]            ; Merged with clkdivider:inst11|count[21]    ;
; clkdivider:inst14|count[22]            ; Merged with clkdivider:inst11|count[22]    ;
; clkdivider:inst14|count[23]            ; Merged with clkdivider:inst11|count[23]    ;
; clkdivider:inst14|count[24]            ; Merged with clkdivider:inst11|count[24]    ;
; clkdivider:inst14|count[25]            ; Merged with clkdivider:inst11|count[25]    ;
; clkdivider:inst14|count[26]            ; Merged with clkdivider:inst11|count[26]    ;
; clkdivider:inst14|count[27]            ; Merged with clkdivider:inst11|count[27]    ;
; clkdivider:inst14|count[28]            ; Merged with clkdivider:inst11|count[28]    ;
; clkdivider:inst14|count[29]            ; Merged with clkdivider:inst11|count[29]    ;
; clkdivider:inst14|count[30]            ; Merged with clkdivider:inst11|count[30]    ;
; clkdivider:inst14|count[31]            ; Merged with clkdivider:inst11|count[31]    ;
; clkdivider:inst11|count[0]             ; Merged with clkdivider_2hz:inst18|count[0] ;
; clkdivider:inst11|count[1]             ; Merged with clkdivider_2hz:inst18|count[1] ;
; clkdivider:inst11|count[2]             ; Merged with clkdivider_2hz:inst18|count[2] ;
; clkdivider:inst11|count[3]             ; Merged with clkdivider_2hz:inst18|count[3] ;
; clkdivider:inst11|count[4]             ; Merged with clkdivider_2hz:inst18|count[4] ;
; Total Number of Removed Registers = 37 ;                                            ;
+----------------------------------------+--------------------------------------------+


+------------------------------------------------------+
; General Register Statistics                          ;
+----------------------------------------------+-------+
; Statistic                                    ; Value ;
+----------------------------------------------+-------+
; Total registers                              ; 106   ;
; Number of registers using Synchronous Clear  ; 0     ;
; Number of registers using Synchronous Load   ; 0     ;
; Number of registers using Asynchronous Clear ; 22    ;
; Number of registers using Asynchronous Load  ; 0     ;
; Number of registers using Clock Enable       ; 22    ;
; Number of registers using Preset             ; 0     ;
+----------------------------------------------+-------+


+--------------------------------------------------+
; Inverted Register Statistics                     ;
+----------------------------------------+---------+
; Inverted Register                      ; Fan out ;
+----------------------------------------+---------+
; clkdivider_2hz:inst18|count[0]         ; 4       ;
; Total number of inverted registers = 1 ;         ;
+----------------------------------------+---------+


+-------------------------------------------------------------------------------------------------------------------------------------------------------------+
; Multiplexer Restructuring Statistics (Restructuring Performed)                                                                                              ;
+--------------------+-----------+---------------+----------------------+------------------------+------------+-----------------------------------------------+
; Multiplexer Inputs ; Bus Width ; Baseline Area ; Area if Restructured ; Saving if Restructured ; Registered ; Example Multiplexer Output                    ;
+--------------------+-----------+---------------+----------------------+------------------------+------------+-----------------------------------------------+
; 3:1                ; 4 bits    ; 8 LEs         ; 4 LEs                ; 4 LEs                  ; Yes        ; |disigne_principl|reglage:inst1|count5[0]     ;
; 3:1                ; 4 bits    ; 8 LEs         ; 4 LEs                ; 4 LEs                  ; Yes        ; |disigne_principl|compteur4bit:inst|count5[1] ;
+--------------------+-----------+---------------+----------------------+------------------------+------------+-----------------------------------------------+


+-------------------------------+
; Analysis & Synthesis Messages ;
+-------------------------------+
Info: *******************************************************************
Info: Running Quartus II Analysis & Synthesis
    Info: Version 9.1 Build 350 03/24/2010 Service Pack 2 SJ Web Edition
    Info: Processing started: Fri Jan 31 10:42:21 2020
Info: Command: quartus_map --read_settings_files=on --write_settings_files=off mini_proj -c mini_proj
Info: Found 2 design units, including 1 entities, in source file horloge_princip.vhd
    Info: Found design unit 1: compteur4bit-compteur4bit
    Info: Found entity 1: compteur4bit
Info: Found 2 design units, including 1 entities, in source file clignoter.vhd
    Info: Found design unit 1: clignoter-clignoter
    Info: Found entity 1: clignoter
Info: Found 2 design units, including 1 entities, in source file clk_div_2hz.vhd
    Info: Found design unit 1: clkdivider_2hz-clkdivider_2hz
    Info: Found entity 1: clkdivider_2hz
Info: Found 2 design units, including 1 entities, in source file clk_divider_1hz.vhd
    Info: Found design unit 1: clkdivider-clkdivider
    Info: Found entity 1: clkdivider
Info: Found 2 design units, including 1 entities, in source file demulti1vesr4.vhd
    Info: Found design unit 1: demux_1to4-demux_1to4
    Info: Found entity 1: demux_1to4
Info: Found 2 design units, including 1 entities, in source file 7segment.vhd
    Info: Found design unit 1: SEGMENT7-SEGMEN7_arch
    Info: Found entity 1: SEGMENT7
Info: Found 2 design units, including 1 entities, in source file reglage.vhd
    Info: Found design unit 1: reglage-reglage
    Info: Found entity 1: reglage
Info: Found 1 design units, including 1 entities, in source file adapteur.bdf
    Info: Found entity 1: adapteur
Info: Found 1 design units, including 1 entities, in source file disigne_principl.bdf
    Info: Found entity 1: disigne_principl
Info: Elaborating entity "disigne_principl" for the top level hierarchy
Warning: Block or symbol "clkdivider" of instance "inst11" overlaps another block or symbol
Warning: Block or symbol "clkdivider_2hz" of instance "inst18" overlaps another block or symbol
Info: Elaborating entity "clignoter" for hierarchy "clignoter:inst29"
Warning (10492): VHDL Process Statement warning at clignoter.vhd(25): signal "e1" is read inside the Process Statement but isn't in the Process Statement's sensitivity list
Warning (10492): VHDL Process Statement warning at clignoter.vhd(25): signal "e2" is read inside the Process Statement but isn't in the Process Statement's sensitivity list
Warning (10492): VHDL Process Statement warning at clignoter.vhd(25): signal "e3" is read inside the Process Statement but isn't in the Process Statement's sensitivity list
Warning (10492): VHDL Process Statement warning at clignoter.vhd(25): signal "e4" is read inside the Process Statement but isn't in the Process Statement's sensitivity list
Warning (10492): VHDL Process Statement warning at clignoter.vhd(25): signal "e5" is read inside the Process Statement but isn't in the Process Statement's sensitivity list
Warning (10492): VHDL Process Statement warning at clignoter.vhd(25): signal "e6" is read inside the Process Statement but isn't in the Process Statement's sensitivity list
Warning (10492): VHDL Process Statement warning at clignoter.vhd(33): signal "e1" is read inside the Process Statement but isn't in the Process Statement's sensitivity list
Warning (10492): VHDL Process Statement warning at clignoter.vhd(34): signal "e2" is read inside the Process Statement but isn't in the Process Statement's sensitivity list
Warning (10492): VHDL Process Statement warning at clignoter.vhd(35): signal "e3" is read inside the Process Statement but isn't in the Process Statement's sensitivity list
Warning (10492): VHDL Process Statement warning at clignoter.vhd(36): signal "e4" is read inside the Process Statement but isn't in the Process Statement's sensitivity list
Warning (10492): VHDL Process Statement warning at clignoter.vhd(37): signal "e5" is read inside the Process Statement but isn't in the Process Statement's sensitivity list
Warning (10492): VHDL Process Statement warning at clignoter.vhd(38): signal "e6" is read inside the Process Statement but isn't in the Process Statement's sensitivity list
Info: Elaborating entity "clkdivider_2hz" for hierarchy "clkdivider_2hz:inst18"
Info: Elaborating entity "compteur4bit" for hierarchy "compteur4bit:inst"
Warning (10492): VHDL Process Statement warning at horloge_princip.vhd(38): signal "e1" is read inside the Process Statement but isn't in the Process Statement's sensitivity list
Warning (10492): VHDL Process Statement warning at horloge_princip.vhd(39): signal "e2" is read inside the Process Statement but isn't in the Process Statement's sensitivity list
Warning (10492): VHDL Process Statement warning at horloge_princip.vhd(40): signal "e3" is read inside the Process Statement but isn't in the Process Statement's sensitivity list
Warning (10492): VHDL Process Statement warning at horloge_princip.vhd(41): signal "e4" is read inside the Process Statement but isn't in the Process Statement's sensitivity list
Warning (10492): VHDL Process Statement warning at horloge_princip.vhd(42): signal "e5" is read inside the Process Statement but isn't in the Process Statement's sensitivity list
Warning (10492): VHDL Process Statement warning at horloge_princip.vhd(43): signal "e6" is read inside the Process Statement but isn't in the Process Statement's sensitivity list
Info: Elaborating entity "clkdivider" for hierarchy "clkdivider:inst14"
Info: Elaborating entity "demux_1to4" for hierarchy "demux_1to4:inst10"
Info: Elaborating entity "reglage" for hierarchy "reglage:inst1"
Info: Elaborating entity "SEGMENT7" for hierarchy "SEGMENT7:inst28"
Info: Elaborating entity "adapteur" for hierarchy "adapteur:inst9"
Warning: Clock multiplexers are found and protected
    Warning: Found clock multiplexer demux_1to4:inst10|Mux3
    Warning: Found clock multiplexer demux_1to4:inst10|Mux0
Warning: Presettable and clearable registers converted to equivalent circuits with latches. Registers power-up to an undefined state, and DEVCLRn places the registers in an undefined state.
    Warning (13310): Register "compteur4bit:inst|count1[3]" is converted into an equivalent circuit using register "compteur4bit:inst|count1[3]~_emulated" and latch "compteur4bit:inst|count1[3]~latch"
    Warning (13310): Register "compteur4bit:inst|count6[0]" is converted into an equivalent circuit using register "compteur4bit:inst|count6[0]~_emulated" and latch "compteur4bit:inst|count6[0]~latch"
    Warning (13310): Register "compteur4bit:inst|count2[3]" is converted into an equivalent circuit using register "compteur4bit:inst|count2[3]~_emulated" and latch "compteur4bit:inst|count2[3]~latch"
    Warning (13310): Register "compteur4bit:inst|count2[2]" is converted into an equivalent circuit using register "compteur4bit:inst|count2[2]~_emulated" and latch "compteur4bit:inst|count2[2]~latch"
    Warning (13310): Register "compteur4bit:inst|count2[1]" is converted into an equivalent circuit using register "compteur4bit:inst|count2[1]~_emulated" and latch "compteur4bit:inst|count2[1]~latch"
    Warning (13310): Register "compteur4bit:inst|count3[3]" is converted into an equivalent circuit using register "compteur4bit:inst|count3[3]~_emulated" and latch "compteur4bit:inst|count3[3]~latch"
    Warning (13310): Register "compteur4bit:inst|count3[2]" is converted into an equivalent circuit using register "compteur4bit:inst|count3[2]~_emulated" and latch "compteur4bit:inst|count3[2]~latch"
    Warning (13310): Register "compteur4bit:inst|count3[1]" is converted into an equivalent circuit using register "compteur4bit:inst|count3[1]~_emulated" and latch "compteur4bit:inst|count3[1]~latch"
    Warning (13310): Register "compteur4bit:inst|count3[0]" is converted into an equivalent circuit using register "compteur4bit:inst|count3[0]~_emulated" and latch "compteur4bit:inst|count3[0]~latch"
    Warning (13310): Register "compteur4bit:inst|count4[3]" is converted into an equivalent circuit using register "compteur4bit:inst|count4[3]~_emulated" and latch "compteur4bit:inst|count4[3]~latch"
    Warning (13310): Register "compteur4bit:inst|count4[2]" is converted into an equivalent circuit using register "compteur4bit:inst|count4[2]~_emulated" and latch "compteur4bit:inst|count4[2]~latch"
    Warning (13310): Register "compteur4bit:inst|count4[1]" is converted into an equivalent circuit using register "compteur4bit:inst|count4[1]~_emulated" and latch "compteur4bit:inst|count4[1]~latch"
    Warning (13310): Register "compteur4bit:inst|count4[0]" is converted into an equivalent circuit using register "compteur4bit:inst|count4[0]~_emulated" and latch "compteur4bit:inst|count4[0]~latch"
    Warning (13310): Register "compteur4bit:inst|count5[3]" is converted into an equivalent circuit using register "compteur4bit:inst|count5[3]~_emulated" and latch "compteur4bit:inst|count5[3]~latch"
    Warning (13310): Register "compteur4bit:inst|count5[2]" is converted into an equivalent circuit using register "compteur4bit:inst|count5[2]~_emulated" and latch "compteur4bit:inst|count5[2]~latch"
    Warning (13310): Register "compteur4bit:inst|count6[1]" is converted into an equivalent circuit using register "compteur4bit:inst|count6[1]~_emulated" and latch "compteur4bit:inst|count6[1]~latch"
    Warning (13310): Register "compteur4bit:inst|count1[2]" is converted into an equivalent circuit using register "compteur4bit:inst|count1[2]~_emulated" and latch "compteur4bit:inst|count1[2]~latch"
    Warning (13310): Register "compteur4bit:inst|count1[1]" is converted into an equivalent circuit using register "compteur4bit:inst|count1[1]~_emulated" and latch "compteur4bit:inst|count1[1]~latch"
    Warning (13310): Register "compteur4bit:inst|count5[1]" is converted into an equivalent circuit using register "compteur4bit:inst|count5[1]~_emulated" and latch "compteur4bit:inst|count5[1]~latch"
    Warning (13310): Register "compteur4bit:inst|count5[0]" is converted into an equivalent circuit using register "compteur4bit:inst|count5[0]~_emulated" and latch "compteur4bit:inst|count5[0]~latch"
    Warning (13310): Register "compteur4bit:inst|count1[0]" is converted into an equivalent circuit using register "compteur4bit:inst|count1[0]~_emulated" and latch "compteur4bit:inst|count1[0]~latch"
    Warning (13310): Register "compteur4bit:inst|count2[0]" is converted into an equivalent circuit using register "compteur4bit:inst|count2[0]~_emulated" and latch "compteur4bit:inst|count2[0]~latch"
Warning: Ignored assignments for entity "mini_proj" -- entity does not exist in design
    Warning: Assignment for entity set_global_assignment -name LL_ROOT_REGION ON -entity mini_proj -section_id "Root Region" was ignored
    Warning: Assignment for entity set_global_assignment -name LL_MEMBER_STATE LOCKED -entity mini_proj -section_id "Root Region" was ignored
Info: Implemented 396 device resources after synthesis - the final resource count might be different
    Info: Implemented 7 input pins
    Info: Implemented 46 output pins
    Info: Implemented 343 logic cells
Info: Quartus II Analysis & Synthesis was successful. 0 errors, 49 warnings
    Info: Peak virtual memory: 232 megabytes
    Info: Processing ended: Fri Jan 31 10:42:27 2020
    Info: Elapsed time: 00:00:06
    Info: Total CPU time (on all processors): 00:00:10


